   0.000 2020-09-22 22:10:13; Factorio 1.0.0 (build 54889, linux64, alpha)
   0.001 Operating system: Linux
   0.001 Program arguments: "./factorio" 
   0.001 Read data path: /home/ki/Desktop/factorio-new/data
   0.001 Write data path: /home/ki/Desktop/factorio-new [933/23139MB]
   0.001 Binaries path: /home/ki/Desktop/factorio-new/bin
   0.021 System info: [CPU: Intel(R) Celeron(R) CPU N3350 @ 1.10GHz, 2 cores, RAM: 2766 MB]
   0.021 Environment: DISPLAY=:0 WAYLAND_DISPLAY=<unset> DESKTOP_SESSION=none+i3 XDG_SESSION_DESKTOP=none+i3 XDG_CURRENT_DESKTOP=none+i3 __GL_FSAA_MODE=<unset> __GL_LOG_MAX_ANISO=<unset> __GL_SYNC_TO_VBLANK=<unset> __GL_SORT_FBCONFIGS=<unset> __GL_YIELD=<unset>
   0.022 Display options: [FullScreen: 1] [VSync: 1] [UIScale: automatic (100.0%)] [Native DPI: 1] [Screen: 255] [Special: lmw] [Lang: en]
   0.096 Available displays: 1
   0.096  [0]: 0 - {[0,0], 1920x1080, SDL_PIXELFORMAT_RGB888, 60Hz}
   0.237 Initialised OpenGL:[0] Mesa DRI Intel(R) HD Graphics 500 (Broxton 2x6) ; driver: 4.6 (Core Profile) Mesa 19.3.5
   0.238   [Extensions] s3tc:yes; KHR_debug:yes; ARB_clear_texture:yes, ARB_copy_image:yes
   0.238   [Version] 4.6
   0.241 Graphics settings preset: low
   0.241   Dedicated video memory size 0 MB (failed to detect)
   0.288 Graphics options: [Graphics quality: normal] [Video memory usage: high] [Light scale: 25%] [DXT: low-quality] [Color: 32bit]
   0.288                   [Max threads (load/render): 32/2] [Max texture size: 4096] [Tex.Stream.: 1] [Rotation quality: low] [Other: sTDCwt] [B:0,C:0,S:100]
   0.310 [Audio] Backend:default; Depth:16, Channel:2, Frequency:44100; MixerQuality:linear
   0.561 Loading mod core 0.0.0 (data.lua)
   0.793 Loading mod base 1.0.0 (data.lua)
   1.470 Loading mod base 1.0.0 (data-updates.lua)
   1.826 Checksum for core: 2630831588
   1.826 Checksum of base: 3509992273
   2.481 Prototype list checksum: 3301461508
   2.601 Loading sounds...
   2.701 Info PlayerData.cpp:70: Local player-data.json unavailable
   2.701 Info PlayerData.cpp:75: Cloud player-data.json unavailable
   2.930 Crop bitmaps.
   4.995 Parallel Sprite Loader initialized (threads: 0)
  28.421 Initial atlas bitmap size is 4096
  28.456 Created atlas bitmap 4096x4096 [none]
  28.476 Created atlas bitmap 4096x4096 [none]
  28.487 Created atlas bitmap 4096x4088 [none]
  28.498 Created atlas bitmap 4096x4092 [none]
  28.509 Created atlas bitmap 4096x3980 [none]
  28.514 Created atlas bitmap 4096x4092 [none]
  28.514 Created atlas bitmap 4096x436 [none]
  28.514 Created atlas bitmap 4096x2152 [decal]
  28.526 Created atlas bitmap 4096x4096 [low-object, linear-minification]
  28.526 Created atlas bitmap 4096x1824 [low-object]
  28.527 Created atlas bitmap 4096x2272 [mipmap, linear-minification, linear-magnification, linear-mip-level]
  28.538 Created atlas bitmap 4096x4096 [terrain, mipmap, linear-minification, linear-mip-level]
  28.538 Created atlas bitmap 4096x3104 [terrain, mipmap, linear-minification, linear-mip-level]
  28.539 Created atlas bitmap 4096x1632 [terrain-effect-map, mipmap, linear-minification, linear-mip-level]
  28.539 Created atlas bitmap 4096x1664 [smoke, mipmap, linear-minification, linear-magnification]
  28.539 Created atlas bitmap 4096x928 [mipmap]
  28.540 Created atlas bitmap 4096x2336 [icon, not-compressed, mipmap, linear-minification, linear-magnification, linear-mip-level]
  28.540 Created atlas bitmap 2048x224 [icon-background, not-compressed, mipmap, linear-minification, linear-magnification, linear-mip-level, ]
  28.541 Created atlas bitmap 4096x828 [alpha-mask]
  28.565 Created atlas bitmap 4096x4092 [shadow, linear-magnification, alpha-mask]
  28.577 Created atlas bitmap 4096x4096 [shadow, linear-magnification, alpha-mask]
  28.591 Created atlas bitmap 4096x4092 [shadow, linear-magnification, alpha-mask]
  28.592 Created atlas bitmap 4096x3260 [shadow, linear-magnification, alpha-mask]
  28.593 Created atlas bitmap 4096x1312 [shadow, mipmap, linear-magnification, alpha-mask]
  28.646 Created virtual atlas pages 4096x4096x2
  28.695 Texture processor created (2048). GPU accelerated compression Supported: yes, Enabled: yes/yes. Test passed. YCoCgDXT PSNR: 35.83, BC3 PSNR: 33.82
  29.873 Parallel Sprite Loader initialized (threads: 0)
  67.240 Sprites loaded
  67.297 Generated mipmaps (3) for atlas [8] of size 4096x4096   
  67.326 Generated mipmaps (3) for atlas [9] of size 4096x1824   
  67.356 Generated mipmaps (3) for atlas [10] of size 4096x2272   
  67.398 Generated mipmaps (3) for atlas [11] of size 4096x4096   
  67.434 Generated mipmaps (3) for atlas [12] of size 4096x3104   
  67.457 Generated mipmaps (3) for atlas [13] of size 4096x1632   
  67.482 Generated mipmaps (3) for atlas [14] of size 4096x1664   
  67.568 Generated mipmaps (3) for atlas [15] of size 4096x928   
  67.598 Generated mipmaps (5) for atlas [16] of size 4096x2336   
  67.625 Generated mipmaps (3) for atlas [23] of size 4096x1312   
  67.673 Custom mipmaps uploaded.
  67.899 Generated mipmaps for virtual atlas of size 4096x8192
  68.750 Factorio initialised
 119.058 Info HttpSharedState.cpp:54: Downloading https://auth.factorio.com/api-login?api_version=4
 120.100 Info AuthServerConnector.cpp:133: Got token from auth server for username(vadacpp).
 120.131 Info HttpSharedState.cpp:54: Downloading https://updater.factorio.com/updater/get-available-versions?username=vadacpp&token=<private>&apiVersion=2
 121.045 0 packages available to download (experimental updates disabled).
 174.738 Loading map /home/ki/Desktop/factorio-new/saves/11H last.zip: 7328804 bytes.
 174.774 Loading level.dat: 17593207 bytes.
 174.790 Info Scenario.cpp:187: Map version 1.0.0-0
 175.923 Loading script.dat: 427 bytes.
 175.933 Checksum for script /home/ki/Desktop/factorio-new/temp/currently-playing/control.lua: 3931528263
 585.608 Info AppManager.cpp:298: Saving to _autosave2 (blocking).
 587.011 Info BlueprintShelf.cpp:734: Saving blueprint storage.
 587.445 Info AppManagerStates.cpp:1837: Saving finished
 816.248 Info AppManagerStates.cpp:1837: Saving finished
 821.130 Info HttpSharedState.cpp:54: Downloading https://mods.factorio.com/api/categories?version=1.0.0&lang=en
 821.131 Info HttpSharedState.cpp:54: Downloading https://mods.factorio.com/api/mods?page_size=max&version=1.0&lang=en
 830.389 Info HttpSharedState.cpp:54: Downloading https://mods.factorio.com/api/mods/Not_Enough_Todo/full?version=1.0.0&lang=en
 831.283 Info HttpSharedState.cpp:54: Downloading https://mods.factorio.com/api/mods/Todo-List/full?version=1.0.0&lang=en
 831.283 Info HttpSharedState.cpp:54: Downloading https://mods-data.factorio.com/assets/8a871302fcec85dcbdb4ce754e86911a13d82889.thumb.png
 832.298 Error CachedChangelog.cpp:54: Failed to parse changelog for mod Todo List: invalid changelog file, error on line 11, line does not start with exactly '    - ' or exactly '      '.
 832.298 Info HttpSharedState.cpp:54: Downloading https://mods-data.factorio.com/assets/c9f616842571a3b6d5a453d46d9a76f755eee112.thumb.png
 833.829 Info ModPortal.cpp:586: Downloading /download/Todo-List/5e640972c849b1000ce95936?username=vadacpp&token=<private> to /home/ki/Desktop/factorio-new/temp/Todo-List_18.0.1.zip
 833.830 Info HttpSharedState.cpp:54: Downloading https://mods.factorio.com/download/Todo-List/5e640972c849b1000ce95936?username=vadacpp&token=<private>
 840.532 Error CachedChangelog.cpp:37: Failed to parse changelog for mod Todo List: invalid changelog file, error on line 11, line does not start with exactly '    - ' or exactly '      '.
 846.952 Info AppManager.cpp:1226: Restarting Factorio
 846.953 Restarting for reason other than update. Setting execute permission skipped.
 846.953 Info AppManager.cpp:1260: Executable path: /home/ki/Desktop/factorio-new/bin/x64/factorio
 847.391 Goodbye
